Determining if the pthread_create exist failed with the following output:
Change Dir: /home/johan/Tesis_ws/build/CMakeFiles/CMakeTmp

Run Build Command:"/usr/bin/make" "cmTC_6690c/fast"
/usr/bin/make -f CMakeFiles/cmTC_6690c.dir/build.make CMakeFiles/cmTC_6690c.dir/build
make[1]: se entra en el directorio '/home/johan/Tesis_ws/build/CMakeFiles/CMakeTmp'
Building C object CMakeFiles/cmTC_6690c.dir/CheckSymbolExists.c.o
/usr/bin/cc    -o CMakeFiles/cmTC_6690c.dir/CheckSymbolExists.c.o   -c /home/johan/Tesis_ws/build/CMakeFiles/CMakeTmp/CheckSymbolExists.c
Linking C executable cmTC_6690c
/usr/bin/cmake -E cmake_link_script CMakeFiles/cmTC_6690c.dir/link.txt --verbose=1
/usr/bin/cc      -rdynamic CMakeFiles/cmTC_6690c.dir/CheckSymbolExists.c.o  -o cmTC_6690c 
CMakeFiles/cmTC_6690c.dir/CheckSymbolExists.c.o: En la función `main':
CheckSymbolExists.c:(.text+0x1b): referencia a `pthread_create' sin definir
collect2: error: ld returned 1 exit status
CMakeFiles/cmTC_6690c.dir/build.make:97: fallo en las instrucciones para el objetivo 'cmTC_6690c'
make[1]: *** [cmTC_6690c] Error 1
make[1]: se sale del directorio '/home/johan/Tesis_ws/build/CMakeFiles/CMakeTmp'
Makefile:126: fallo en las instrucciones para el objetivo 'cmTC_6690c/fast'
make: *** [cmTC_6690c/fast] Error 2

File /home/johan/Tesis_ws/build/CMakeFiles/CMakeTmp/CheckSymbolExists.c:
/* */
#include <pthread.h>

int main(int argc, char** argv)
{
  (void)argv;
#ifndef pthread_create
  return ((int*)(&pthread_create))[argc];
#else
  (void)argc;
  return 0;
#endif
}

Determining if the function pthread_create exists in the pthreads failed with the following output:
Change Dir: /home/johan/Tesis_ws/build/CMakeFiles/CMakeTmp

Run Build Command:"/usr/bin/make" "cmTC_fbeab/fast"
/usr/bin/make -f CMakeFiles/cmTC_fbeab.dir/build.make CMakeFiles/cmTC_fbeab.dir/build
make[1]: se entra en el directorio '/home/johan/Tesis_ws/build/CMakeFiles/CMakeTmp'
Building C object CMakeFiles/cmTC_fbeab.dir/CheckFunctionExists.c.o
/usr/bin/cc   -DCHECK_FUNCTION_EXISTS=pthread_create   -o CMakeFiles/cmTC_fbeab.dir/CheckFunctionExists.c.o   -c /usr/share/cmake-3.10/Modules/CheckFunctionExists.c
Linking C executable cmTC_fbeab
/usr/bin/cmake -E cmake_link_script CMakeFiles/cmTC_fbeab.dir/link.txt --verbose=1
/usr/bin/cc  -DCHECK_FUNCTION_EXISTS=pthread_create    -rdynamic CMakeFiles/cmTC_fbeab.dir/CheckFunctionExists.c.o  -o cmTC_fbeab -lpthreads 
/usr/bin/ld: no se puede encontrar -lpthreads
collect2: error: ld returned 1 exit status
CMakeFiles/cmTC_fbeab.dir/build.make:97: fallo en las instrucciones para el objetivo 'cmTC_fbeab'
make[1]: *** [cmTC_fbeab] Error 1
make[1]: se sale del directorio '/home/johan/Tesis_ws/build/CMakeFiles/CMakeTmp'
Makefile:126: fallo en las instrucciones para el objetivo 'cmTC_fbeab/fast'
make: *** [cmTC_fbeab/fast] Error 2


